<?xml version="1.0" encoding="utf-8"?><testsuites name="pytest tests"><testsuite name="pytest" errors="0" failures="0" skipped="0" tests="18" time="12.601" timestamp="2026-04-17T20:53:10.224153+00:00" hostname="agent-env-4f03c6ad-2ad9-4685-8ea1-55f72b34456e"><testcase classname="tests.test_notifications_ocr.TestNotificationsEndpoint" name="test_get_notifications_returns_200" time="0.823" /><testcase classname="tests.test_notifications_ocr.TestNotificationsEndpoint" name="test_get_notifications_returns_correct_structure" time="0.163" /><testcase classname="tests.test_notifications_ocr.TestNotificationsEndpoint" name="test_get_notifications_contains_passport_expiry_alerts" time="0.156" /><testcase classname="tests.test_notifications_ocr.TestNotificationsEndpoint" name="test_get_notifications_contains_trip_alerts" time="0.158" /><testcase classname="tests.test_notifications_ocr.TestNotificationsEndpoint" name="test_get_notifications_sorted_by_severity" time="0.137" /><testcase classname="tests.test_notifications_ocr.TestNotificationsEndpoint" name="test_get_notifications_requires_auth" time="0.142" /><testcase classname="tests.test_notifications_ocr.TestDismissNotificationEndpoint" name="test_dismiss_notification_returns_200" time="0.317" /><testcase classname="tests.test_notifications_ocr.TestDismissNotificationEndpoint" name="test_dismiss_notification_removes_from_list" time="0.489" /><testcase classname="tests.test_notifications_ocr.TestDismissNotificationEndpoint" name="test_dismiss_notification_requires_auth" time="0.217" /><testcase classname="tests.test_notifications_ocr.TestOCRScanEndpoint" name="test_ocr_scan_returns_200" time="2.647" /><testcase classname="tests.test_notifications_ocr.TestOCRScanEndpoint" name="test_ocr_scan_returns_correct_structure" time="1.574" /><testcase classname="tests.test_notifications_ocr.TestOCRScanEndpoint" name="test_ocr_scan_extracts_data" time="1.319" /><testcase classname="tests.test_notifications_ocr.TestOCRScanEndpoint" name="test_ocr_scan_requires_auth" time="0.195" /><testcase classname="tests.test_notifications_ocr.TestOCRScanEndpoint" name="test_ocr_scan_rejects_large_files" time="1.883" /><testcase classname="tests.test_notifications_ocr.TestOCRScanAndCreateEndpoint" name="test_ocr_scan_and_create_returns_200" time="1.381" /><testcase classname="tests.test_notifications_ocr.TestAuthEndpoints" name="test_login_with_demo_credentials" time="0.438" /><testcase classname="tests.test_notifications_ocr.TestAuthEndpoints" name="test_login_with_invalid_credentials" time="0.156" /><testcase classname="tests.test_notifications_ocr.TestAuthEndpoints" name="test_get_me_with_valid_token" time="0.153" /></testsuite></testsuites>