<?xml version="1.0" encoding="utf-8"?><testsuites name="pytest tests"><testsuite name="pytest" errors="0" failures="0" skipped="0" tests="8" time="6.431" timestamp="2026-04-24T19:54:52.189222+00:00" hostname="agent-env-4f03c6ad-2ad9-4685-8ea1-55f72b34456e"><testcase classname="backend.tests.test_pdf_export.TestPDFExport" name="test_pdf_export_returns_valid_pdf_for_existing_passenger" time="0.940" /><testcase classname="backend.tests.test_pdf_export.TestPDFExport" name="test_pdf_export_returns_valid_pdf_for_second_passenger" time="0.716" /><testcase classname="backend.tests.test_pdf_export.TestPDFExport" name="test_pdf_export_returns_404_for_nonexistent_passenger" time="0.732" /><testcase classname="backend.tests.test_pdf_export.TestPDFExport" name="test_pdf_export_requires_authentication" time="0.683" /><testcase classname="backend.tests.test_pdf_export.TestPDFExport" name="test_pdf_export_returns_404_for_other_users_passenger" time="1.150" /><testcase classname="backend.tests.test_pdf_export.TestPDFExport" name="test_pdf_contains_passenger_data" time="1.007" /><testcase classname="backend.tests.test_pdf_export.TestPDFExportEdgeCases" name="test_pdf_export_with_invalid_token" time="0.530" /><testcase classname="backend.tests.test_pdf_export.TestPDFExportEdgeCases" name="test_pdf_export_with_expired_token_format" time="0.552" /></testsuite></testsuites>